<?xml version="1.0" encoding="UTF-8"?>
<!-- Generated by org.testng.reporters.JUnitXMLReporter -->
<testsuite hostname="LAPTOP-KRNDV7TL" name="Default test" tests="3" failures="0" timestamp="25 Jun 2020 06:03:04 GMT" time="42.405" errors="0">
  <testcase name="browserlaunch" time="12.497" classname="practice.Yatrabus"/>
  <testcase name="search" time="26.494" classname="practice.Yatrabus"/>
  <testcase name="nameslist" time="3.38" classname="practice.Yatrabus"/>
</testsuite> <!-- Default test -->
