<?xml version="1.0" encoding="UTF-8"?>
<!-- Generated by org.testng.reporters.JUnitXMLReporter -->
<testsuite hostname="LAPTOP-KRNDV7TL" name="Test" tests="6" failures="1" timestamp="19 Jul 2020 11:10:56 GMT" time="21.466" errors="0">
  <testcase name="check" time="0.048" classname="org.test4.Rerun">
    <skipped/>
  </testcase> <!-- check -->
  <testcase name="check" time="0.007" classname="org.test4.Rerun">
    <skipped/>
  </testcase> <!-- check -->
  <testcase name="check" time="0.009" classname="org.test4.Rerun">
    <skipped/>
  </testcase> <!-- check -->
  <testcase name="check" time="0.012" classname="org.test4.Rerun">
    <failure type="java.lang.AssertionError" message="expected [true] but found [false]">
      <![CDATA[java.lang.AssertionError: expected [true] but found [false]
	at org.test4.Rerun.check(Rerun.java:37)
... Removed 29 stack frames]]>
    </failure>
  </testcase> <!-- check -->
  <testcase name="ending" time="0.008" classname="org.test4.Rerun"/>
  <testcase name="table" time="8.972" classname="org.test4.Rerun"/>
</testsuite> <!-- Test -->
