<?xml version="1.0" encoding="UTF-8"?>
<testng-results skipped="0" failed="0" total="3" passed="3">
  <reporter-output>
  </reporter-output>
  <suite name="Default suite" duration-ms="42405" started-at="2020-06-25T06:02:20Z" finished-at="2020-06-25T06:03:03Z">
    <groups>
    </groups>
    <test name="Default test" duration-ms="42405" started-at="2020-06-25T06:02:20Z" finished-at="2020-06-25T06:03:03Z">
      <class name="practice.Yatrabus">
        <test-method status="PASS" signature="browserlaunch()[pri:1, instance:practice.Yatrabus@3532ec19]" name="browserlaunch" duration-ms="12497" started-at="2020-06-25T11:32:20Z" finished-at="2020-06-25T11:32:33Z">
          <reporter-output>
          </reporter-output>
        </test-method> <!-- browserlaunch -->
        <test-method status="PASS" signature="search()[pri:3, instance:practice.Yatrabus@3532ec19]" name="search" duration-ms="26494" started-at="2020-06-25T11:32:33Z" finished-at="2020-06-25T11:32:59Z">
          <reporter-output>
          </reporter-output>
        </test-method> <!-- search -->
        <test-method status="PASS" signature="nameslist()[pri:5, instance:practice.Yatrabus@3532ec19]" name="nameslist" duration-ms="3380" started-at="2020-06-25T11:32:59Z" finished-at="2020-06-25T11:33:03Z">
          <reporter-output>
          </reporter-output>
        </test-method> <!-- nameslist -->
      </class> <!-- practice.Yatrabus -->
    </test> <!-- Default test -->
  </suite> <!-- Default suite -->
</testng-results>
